a:99
b:-1
?c[
    ?=b:1a-ab
    ,;\n
    ?a[
        ,;N
        ,;o
    ?c]
    ?a.a
    ,;\s
    ,;b
    ,;o
    ,;t
    ,;t
    ,;l
    ,;e
    ?!=a:1,;s
    ,;\s
    ,;o
    ,;f
    ,;\s
    ,;b
    ,;e
    ,;e
    ,;r
    ?!b[
        ,;\s
        ,;o
        ,;n
        ,;\s
        ,;t
        ,;h
        ,;e
        ,;\s
        ,;w
        ,;a
        ,;l
        ,;l
        ?=b:-1,;,
        ?=b:-1[
            ,;.
            ,;\n
        ?c]
    ?c]
    ?b[
        ,;.
        ,;\n
        ,;T
        ,;a
        ,;k
        ,;e
        ,;\s
        ?=a:1[
            ,;o
            ,;n
            ,;e
        ?c]
        ?=a:1,;i
        ?=a:1,;t
        ,;\s
        ,;d
        ,;o
        ,;w
        ,;n
        ,;,
        ,;\s
        ,;p
        ,;a
        ,;s
        ,;s
        ,;\s
        ,;i
        ,;t
        ,;\s
        ,;a
        ,;r
        ,;o
        ,;u
        ,;n
        ,;d
        ,;,
    ?c]
    b+b:1
    ?=b:2b:-1
?a]